2008-08-13 12:44:00     INFO: Bootstrapping "project" in "/cygdrive/c/dev/stack"
2008-08-13 12:44:00     INFO: Initializing new repository in '/cygdrive/c/dev/stack'...
2008-08-13 12:44:03     INFO: $ svn ls --non-interactive https://file.axiomstack.com/public
2008-08-13 12:44:05  WARNING: [Status 1]
2008-08-13 12:44:05 CRITICAL: Checkout of project failed!
2008-08-13 12:45:00     INFO: Bootstrapping "project" in "/cygdrive/c/dev/stack"
2008-08-13 12:45:00     INFO: $ svn ls --non-interactive https://file.axiomstack.com/public
2008-08-13 12:45:01  WARNING: [Status 1]
2008-08-13 12:45:01 CRITICAL: Checkout of project failed!
2008-08-13 12:50:35     INFO: Bootstrapping "project" in "/cygdrive/c/dev/stack"
2008-08-13 12:50:36     INFO: $ svn ls --non-interactive https://file.axiomstack.com/public
2008-08-13 12:50:36  WARNING: [Status 1]
2008-08-13 12:50:36 CRITICAL: Checkout of project failed!
2008-08-13 12:56:25     INFO: Bootstrapping "project" in "/cygdrive/c/dev/stack"
2008-08-13 12:56:26     INFO: $ svn ls --non-interactive https://file.axiomstack.com/public
2008-08-13 12:56:26  WARNING: [Status 1]
2008-08-13 12:56:26 CRITICAL: Checkout of project failed!
2008-08-13 12:57:38     INFO: Bootstrapping "project" in "/cygdrive/c/dev/stack"
2008-08-13 12:57:38     INFO: $ svn ls --non-interactive https://file.axiomstack.com/public
2008-08-13 12:57:39  WARNING: [Status 1]
2008-08-13 12:57:39 CRITICAL: Checkout of project failed!
2008-08-13 12:58:08     INFO: Bootstrapping "project" in "/cygdrive/c/dev/stack"
2008-08-13 12:58:08     INFO: $ svn log --verbose --xml --non-interactive --stop-on-copy --revision 1:HEAD --limit 1 https://file.axiomstack.com/public/axiom/trunk 2>&1
2008-08-13 12:58:08  WARNING: [Status 1]
2008-08-13 12:58:08 CRITICAL: Checkout of project failed!
2008-08-13 12:58:44     INFO: Bootstrapping "project" in "/cygdrive/c/dev/stack"
2008-08-13 12:58:45     INFO: $ svn ls --non-interactive http://file.axiomstack.com/public
2008-08-13 13:01:54  WARNING: [Status 1]
2008-08-13 13:01:54 CRITICAL: Checkout of project failed!
2008-08-13 14:06:52     INFO: Bootstrapping "project" in "/cygdrive/c/dev/stack"
2008-08-13 14:06:54     INFO: $ svn log --verbose --xml --non-interactive --stop-on-copy --revision 1:HEAD --limit 1 https://file.axiomstack.com/public/axiom/trunk 2>&1
2008-08-13 14:06:57  WARNING: [Status 1]
2008-08-13 14:06:57 CRITICAL: Checkout of project failed!
2008-08-13 14:07:18     INFO: Bootstrapping "project" in "/cygdrive/c/dev/stack"
2008-08-13 14:07:18     INFO: $ svn log --verbose --xml --non-interactive --stop-on-copy --revision 1:HEAD --limit 1 http://file.axiomstack.com/public/axiom/trunk 2>&1
2008-08-13 14:10:27  WARNING: [Status 1]
2008-08-13 14:10:27 CRITICAL: Checkout of project failed!
2008-08-13 14:14:19     INFO: Bootstrapping "project" in "/cygdrive/c/dev/stack"
2008-08-13 14:14:19     INFO: $ svn log --verbose --xml --non-interactive --stop-on-copy --revision 1:HEAD --limit 1 https://file.axiomstack.com/public/axiom/trunk 2>&1
2008-08-13 14:14:19  WARNING: [Status 1]
2008-08-13 14:14:19 CRITICAL: Checkout of project failed!
2008-08-13 14:18:41     INFO: Bootstrapping "project" in "/cygdrive/c/dev/stack"
2008-08-13 14:18:42     INFO: $ svn log --verbose --xml --non-interactive --stop-on-copy --revision 1:HEAD --limit 1 http://file.axiomstack.com/public/axiom/trunk 2>&1
2008-08-13 14:19:32 CRITICAL: Checkout of project failed!
2008-08-13 14:20:18     INFO: Bootstrapping "project" in "/cygdrive/c/dev/stack"
2008-08-13 14:20:18     INFO: $ svn log --verbose --xml --non-interactive --stop-on-copy --revision 1:HEAD --limit 1 https://subversion.siteworx.com/public/axiom/trunk 2>&1
2008-08-13 14:20:18  WARNING: [Status 1]
2008-08-13 14:20:18 CRITICAL: Checkout of project failed!
2008-08-13 14:23:40     INFO: Bootstrapping "project" in "/cygdrive/c/dev/stack"
2008-08-13 14:23:40     INFO: $ svn log --verbose --xml --non-interactive --stop-on-copy --revision 1:HEAD --limit 1 https://subversion.siteworx.com/public/axiom/trunk 2>&1
2008-08-13 14:23:41  WARNING: [Status 1]
2008-08-13 14:23:41 CRITICAL: Checkout of project failed!
2008-08-13 14:24:42     INFO: Bootstrapping "project" in "/cygdrive/c/dev/stack"
2008-08-13 14:24:43     INFO: $ svn log --verbose --xml --non-interactive --stop-on-copy --revision 1:HEAD --limit 1 https://subversion.siteworx.com/public/axiom/trunk 2>&1
2008-08-13 14:24:43  WARNING: [Status 1]
2008-08-13 14:24:43 CRITICAL: Checkout of project failed!
2008-08-13 14:25:10     INFO: Bootstrapping "project" in "/cygdrive/c/dev/stack"
2008-08-13 14:25:10     INFO: $ svn log --verbose --xml --non-interactive --stop-on-copy --revision 1:HEAD --limit 1 http://file.axiomstack.com/public/axiom/trunk 2>&1
2008-08-13 14:25:11     INFO: [Ok]
2008-08-13 14:25:11  WARNING: Ignoring u'/axiom/trunk' since it is not under '/axiom/trunk/'
2008-08-13 14:25:11     INFO: $ svn co --quiet --ignore-externals --revision 13 http://file.axiomstack.com/public/axiom/trunk@13 /cygdrive/c/dev/stack 2>&1
2008-08-13 14:25:12     INFO: [Ok]
2008-08-13 14:25:12     INFO: Committing u'[project @ 13]'...
2008-08-13 14:25:12     INFO: Bootstrap completed
2008-08-13 14:25:12     INFO: Updating "project" in "/cygdrive/c/dev/stack"
2008-08-13 14:25:12     INFO: /cygdrive/c/dev/stack $ svn log --verbose --xml --non-interactive --revision 14:HEAD .
2008-08-13 14:25:13     INFO: [Ok]
2008-08-13 14:25:14     INFO: Cached information about 75 pending changesets
2008-08-13 14:25:15     INFO: Applying pending upstream changesets
2008-08-13 14:25:15     INFO: Changeset #1
2008-08-13 14:25:15     INFO: Changeset "16"
2008-08-13 14:25:15     INFO: Log message: Initial Checkin
2008-08-13 14:25:15     INFO: /cygdrive/c/dev/stack $ svn update --ignore-externals --revision 16 . 2>&1
2008-08-13 14:26:52     INFO: [Ok]
2008-08-13 14:26:57     INFO: Committing u'[project @ 16]'...
2008-08-13 14:27:22     INFO: -*-*-*-*-*-*-*-*-*-*-*-*-*-*-*-*-*-*-*-*-*-*-*-*-*-*-*-*-*-*
2008-08-13 14:27:22     INFO: Changeset #2
2008-08-13 14:27:22     INFO: Changeset "17"
2008-08-13 14:27:22     INFO: /cygdrive/c/dev/stack $ svn update --ignore-externals --revision 17 . 2>&1
2008-08-13 14:27:28     INFO: [Ok]
2008-08-13 14:27:28     INFO: Removing Axiom Stack GPL.txt, Axiom-License.txt...
2008-08-13 14:27:28     INFO: Committing u'[project @ 17]'...
2008-08-13 14:27:29     INFO: -*-*-*-*-*-*-*-*-*-*-*-*-*-*-*-*-*-*-*-*-*-*-*-*-*-*-*-*-*-*
2008-08-13 14:27:29     INFO: Changeset #3
2008-08-13 14:27:29     INFO: Changeset "18"
2008-08-13 14:27:29     INFO: Log message: **i AXSTK-464

code commenting
2008-08-13 14:27:29     INFO: /cygdrive/c/dev/stack $ svn update --ignore-externals --revision 18 . 2>&1
2008-08-13 14:27:32     INFO: [Ok]
2008-08-13 14:27:32     INFO: Renaming u'src/java/axiom/scripting/rhino/debug/ScopeProvider.java' to u'src/java/axiom/scripting/rhino/ScopeProvider.java'...
2008-08-13 14:27:32     INFO: Removing src/java/axiom/scripting/rhino/debug/AbstractCellEditor.java, src/java/axiom/scripting/rhino/debug/AbstractTreeTableModel.java, src/java/axiom/scripting/rhino/debug/HelmaDebugger.java, src/java/axiom/scripting/rhino/debug/JTreeTable.java, src/java/axiom/scripting/rhino/debug/Main.java, src/java/axiom/scripting/rhino/debug/Tracer.java, src/java/axiom/scripting/rhino/debug/TreeTableModel.java, src/java/axiom/scripting/rhino/debug/TreeTableModelAdapter.java, src/java/axiom/scripting/rhino/debug/VariableModel.java...
2008-08-13 14:27:32     INFO: Committing u'[project @ 18]'...
2008-08-13 14:27:33     INFO: -*-*-*-*-*-*-*-*-*-*-*-*-*-*-*-*-*-*-*-*-*-*-*-*-*-*-*-*-*-*
2008-08-13 14:27:33     INFO: Changeset #4
2008-08-13 14:27:33     INFO: Changeset "19"
2008-08-13 14:27:33     INFO: Log message: **i AXSTK-464

code commenting
2008-08-13 14:27:33     INFO: /cygdrive/c/dev/stack $ svn update --ignore-externals --revision 19 . 2>&1
2008-08-13 14:27:35     INFO: [Ok]
2008-08-13 14:27:35     INFO: Committing u'[project @ 19]'...
2008-08-13 14:27:35     INFO: -*-*-*-*-*-*-*-*-*-*-*-*-*-*-*-*-*-*-*-*-*-*-*-*-*-*-*-*-*-*
2008-08-13 14:27:35     INFO: Changeset #5
2008-08-13 14:27:35     INFO: Changeset "20"
2008-08-13 14:27:35     INFO: /cygdrive/c/dev/stack $ svn update --ignore-externals --revision 20 . 2>&1
2008-08-13 14:27:37     INFO: [Ok]
2008-08-13 14:27:37     INFO: Committing u'[project @ 20]'...
2008-08-13 14:27:37     INFO: -*-*-*-*-*-*-*-*-*-*-*-*-*-*-*-*-*-*-*-*-*-*-*-*-*-*-*-*-*-*
2008-08-13 14:27:37     INFO: Changeset #6
2008-08-13 14:27:37     INFO: Changeset "21"
2008-08-13 14:27:37     INFO: /cygdrive/c/dev/stack $ svn update --ignore-externals --revision 21 . 2>&1
2008-08-13 14:27:39     INFO: [Ok]
2008-08-13 14:27:39     INFO: Committing u'[project @ 21]'...
2008-08-13 14:27:40     INFO: -*-*-*-*-*-*-*-*-*-*-*-*-*-*-*-*-*-*-*-*-*-*-*-*-*-*-*-*-*-*
2008-08-13 14:27:40     INFO: Changeset #7
2008-08-13 14:27:40     INFO: Changeset "22"
2008-08-13 14:27:40     INFO: Log message: **i AXSTK-464

code commenting
2008-08-13 14:27:40     INFO: /cygdrive/c/dev/stack $ svn update --ignore-externals --revision 22 . 2>&1
2008-08-13 14:27:42     INFO: [Ok]
2008-08-13 14:27:42     INFO: Committing u'[project @ 22]'...
2008-08-13 14:27:44     INFO: -*-*-*-*-*-*-*-*-*-*-*-*-*-*-*-*-*-*-*-*-*-*-*-*-*-*-*-*-*-*
2008-08-13 14:27:44     INFO: Changeset #8
2008-08-13 14:27:44     INFO: Changeset "23"
2008-08-13 14:27:44     INFO: /cygdrive/c/dev/stack $ svn update --ignore-externals --revision 23 . 2>&1
2008-08-13 14:27:47     INFO: [Ok]
2008-08-13 14:27:47     INFO: Committing u'[project @ 23]'...
2008-08-13 14:27:50     INFO: -*-*-*-*-*-*-*-*-*-*-*-*-*-*-*-*-*-*-*-*-*-*-*-*-*-*-*-*-*-*
2008-08-13 14:27:50     INFO: Changeset #9
2008-08-13 14:27:50     INFO: Changeset "24"
2008-08-13 14:27:50     INFO: /cygdrive/c/dev/stack $ svn update --ignore-externals --revision 24 . 2>&1
2008-08-13 14:28:01     INFO: [Ok]
2008-08-13 14:28:01     INFO: Removing apps/test/app.properties.test...
2008-08-13 14:28:01     INFO: Committing u'[project @ 24]'...
2008-08-13 14:28:12     INFO: -*-*-*-*-*-*-*-*-*-*-*-*-*-*-*-*-*-*-*-*-*-*-*-*-*-*-*-*-*-*
2008-08-13 14:28:12     INFO: Changeset #10
2008-08-13 14:28:12     INFO: Changeset "25"
2008-08-13 14:28:12     INFO: /cygdrive/c/dev/stack $ svn update --ignore-externals --revision 25 . 2>&1
2008-08-13 14:28:16     INFO: [Ok]
2008-08-13 14:28:16     INFO: Removing apps/test/app.properties.bamboo...
2008-08-13 14:28:16     INFO: Committing u'[project @ 25]'...
2008-08-13 14:28:18     INFO: -*-*-*-*-*-*-*-*-*-*-*-*-*-*-*-*-*-*-*-*-*-*-*-*-*-*-*-*-*-*
2008-08-13 14:28:18     INFO: Changeset #11
2008-08-13 14:28:18     INFO: Changeset "26"
2008-08-13 14:28:18     INFO: Log message: **i AXSTK-464

code commenting
2008-08-13 14:28:18     INFO: /cygdrive/c/dev/stack $ svn update --ignore-externals --revision 26 . 2>&1
2008-08-13 14:28:25     INFO: [Ok]
2008-08-13 14:28:25     INFO: Committing u'[project @ 26]'...
2008-08-13 14:28:25     INFO: -*-*-*-*-*-*-*-*-*-*-*-*-*-*-*-*-*-*-*-*-*-*-*-*-*-*-*-*-*-*
2008-08-13 14:28:25     INFO: Changeset #12
2008-08-13 14:28:25     INFO: Changeset "27"
2008-08-13 14:28:25     INFO: Log message: **i AXSTK-464

code commenting
2008-08-13 14:28:25     INFO: /cygdrive/c/dev/stack $ svn update --ignore-externals --revision 27 . 2>&1
2008-08-13 14:28:28     INFO: [Ok]
2008-08-13 14:28:28     INFO: Committing u'[project @ 27]'...
2008-08-13 14:28:28     INFO: -*-*-*-*-*-*-*-*-*-*-*-*-*-*-*-*-*-*-*-*-*-*-*-*-*-*-*-*-*-*
2008-08-13 14:28:28     INFO: Changeset #13
2008-08-13 14:28:28     INFO: Changeset "28"
2008-08-13 14:28:28     INFO: Log message: App Shutdown Debug
2008-08-13 14:28:28     INFO: /cygdrive/c/dev/stack $ svn update --ignore-externals --revision 28 . 2>&1
2008-08-13 14:28:31     INFO: [Ok]
2008-08-13 14:28:31     INFO: Committing u'[project @ 28]'...
2008-08-13 14:28:33     INFO: -*-*-*-*-*-*-*-*-*-*-*-*-*-*-*-*-*-*-*-*-*-*-*-*-*-*-*-*-*-*
2008-08-13 14:28:33     INFO: Changeset #14
2008-08-13 14:28:33     INFO: Changeset "29"
2008-08-13 14:28:33     INFO: /cygdrive/c/dev/stack $ svn update --ignore-externals --revision 29 . 2>&1
2008-08-13 14:28:35     INFO: [Ok]
2008-08-13 14:28:35     INFO: Removing svn-sync.rb...
2008-08-13 14:28:35     INFO: Committing u'[project @ 29]'...
2008-08-13 14:28:36     INFO: -*-*-*-*-*-*-*-*-*-*-*-*-*-*-*-*-*-*-*-*-*-*-*-*-*-*-*-*-*-*
2008-08-13 14:28:36     INFO: Changeset #15
2008-08-13 14:28:36     INFO: Changeset "30"
2008-08-13 14:28:36     INFO: Log message: **i AXSTK-464

code commenting
2008-08-13 14:28:36     INFO: /cygdrive/c/dev/stack $ svn update --ignore-externals --revision 30 . 2>&1
2008-08-13 14:28:39     INFO: [Ok]
2008-08-13 14:28:39     INFO: Committing u'[project @ 30]'...
2008-08-13 14:28:39     INFO: -*-*-*-*-*-*-*-*-*-*-*-*-*-*-*-*-*-*-*-*-*-*-*-*-*-*-*-*-*-*
2008-08-13 14:28:39     INFO: Changeset #16
2008-08-13 14:28:39     INFO: Changeset "31"
2008-08-13 14:28:39     INFO: Log message: Automatic Bamboo Commit **i AXSTK-253
2008-08-13 14:28:39     INFO: /cygdrive/c/dev/stack $ svn update --ignore-externals --revision 31 . 2>&1
2008-08-13 14:28:41     INFO: [Ok]
2008-08-13 14:28:41     INFO: Committing u'[project @ 31]'...
2008-08-13 14:28:42     INFO: -*-*-*-*-*-*-*-*-*-*-*-*-*-*-*-*-*-*-*-*-*-*-*-*-*-*-*-*-*-*
2008-08-13 14:28:42     INFO: Changeset #17
2008-08-13 14:28:42     INFO: Changeset "32"
2008-08-13 14:28:42     INFO: /cygdrive/c/dev/stack $ svn update --ignore-externals --revision 32 . 2>&1
2008-08-13 14:28:46     INFO: [Ok]
2008-08-13 14:28:46     INFO: Removing lib/axiom-lucene.jar...
2008-08-13 14:28:46     INFO: Committing u'[project @ 32]'...
2008-08-13 14:28:46     INFO: -*-*-*-*-*-*-*-*-*-*-*-*-*-*-*-*-*-*-*-*-*-*-*-*-*-*-*-*-*-*
2008-08-13 14:28:46     INFO: Changeset #18
2008-08-13 14:28:46     INFO: Changeset "33"
2008-08-13 14:28:46     INFO: Log message: Automatic Bamboo Commit **i AXSTK-253
2008-08-13 14:28:46     INFO: /cygdrive/c/dev/stack $ svn update --ignore-externals --revision 33 . 2>&1
2008-08-13 14:28:49     INFO: [Ok]
2008-08-13 14:28:49     INFO: Removing lib/PDFBox-0.7.2.jar, lib/Wrapper.jar, lib/activation.jar, lib/commons-codec.jar, lib/commons-fileupload.jar, lib/commons-httpclient-3.0.1.jar, lib/commons-io.jar, lib/commons-logging.jar, lib/concurrent.jar, lib/ehcache.jar, lib/h2.jar, lib/jacob.jar, lib/jai_codec.jar, lib/jai_core.jar, lib/jetty-util.jar, lib/jetty.jar, lib/jimi.jar, lib/jmxri.jar, lib/js.jar, lib/jtidy-r8.jar, lib/junit-4.1.jar, lib/ldap.jar, lib/mail.jar, lib/netcomponents.jar, lib/poi-3.0-alpha2-20060616.jar, lib/poi-scratchpad-3.0-alpha2-20060616.jar, lib/servlet.jar, lib/xmlrpc.jar...
2008-08-13 14:28:49     INFO: Committing u'[project @ 33]'...
2008-08-13 14:28:50     INFO: -*-*-*-*-*-*-*-*-*-*-*-*-*-*-*-*-*-*-*-*-*-*-*-*-*-*-*-*-*-*
2008-08-13 14:28:50     INFO: Changeset #19
2008-08-13 14:28:50     INFO: Changeset "34"
2008-08-13 14:28:50     INFO: /cygdrive/c/dev/stack $ svn update --ignore-externals --revision 34 . 2>&1
2008-08-13 14:29:02     INFO: [Ok]
2008-08-13 14:29:04     INFO: Committing u'[project @ 34]'...
2008-08-13 14:29:20     INFO: -*-*-*-*-*-*-*-*-*-*-*-*-*-*-*-*-*-*-*-*-*-*-*-*-*-*-*-*-*-*
2008-08-13 14:29:20     INFO: Changeset #20
2008-08-13 14:29:20     INFO: Changeset "35"
2008-08-13 14:29:20     INFO: Log message: Automatic Bamboo Commit **i AXSTK-253
2008-08-13 14:29:20     INFO: /cygdrive/c/dev/stack $ svn update --ignore-externals --revision 35 . 2>&1
2008-08-13 14:29:22     INFO: [Ok]
2008-08-13 14:29:23     INFO: Removing lib/PDFBox-0.7.2.jar, lib/Wrapper.jar, lib/activation.jar, lib/axiom.jar, lib/commons-codec.jar, lib/commons-fileupload.jar, lib/commons-httpclient-3.0.1.jar, lib/commons-io.jar, lib/commons-logging.jar, lib/concurrent.jar, lib/ehcache.jar, lib/h2.jar, lib/jacob.jar, lib/jai_codec.jar, lib/jai_core.jar, lib/jetty-util.jar, lib/jetty.jar, lib/jimi.jar, lib/jmxri.jar, lib/js.jar, lib/js.zip, lib/jtidy-r8.jar, lib/junit-4.1.jar, lib/ldap.jar, lib/mail.jar, lib/netcomponents.jar, lib/poi-3.0-alpha2-20060616.jar, lib/poi-scratchpad-3.0-alpha2-20060616.jar, lib/servlet.jar, lib/xmlrpc.jar...
2008-08-13 14:29:23     INFO: Committing u'[project @ 35]'...
2008-08-13 14:29:24     INFO: -*-*-*-*-*-*-*-*-*-*-*-*-*-*-*-*-*-*-*-*-*-*-*-*-*-*-*-*-*-*
2008-08-13 14:29:24     INFO: Changeset #21
2008-08-13 14:29:24     INFO: Changeset "36"
2008-08-13 14:29:24     INFO: Log message: **i AXSTK-464

code commenting
2008-08-13 14:29:24     INFO: /cygdrive/c/dev/stack $ svn update --ignore-externals --revision 36 . 2>&1
2008-08-13 14:29:26     INFO: [Ok]
2008-08-13 14:29:26     INFO: Committing u'[project @ 36]'...
2008-08-13 14:29:28     INFO: -*-*-*-*-*-*-*-*-*-*-*-*-*-*-*-*-*-*-*-*-*-*-*-*-*-*-*-*-*-*
2008-08-13 14:29:28     INFO: Changeset #22
2008-08-13 14:29:28     INFO: Changeset "37"
2008-08-13 14:29:28     INFO: /cygdrive/c/dev/stack $ svn update --ignore-externals --revision 37 . 2>&1
2008-08-13 14:29:43     INFO: [Ok]
2008-08-13 14:29:45     INFO: Removing lib/axiom-lucene.jar...
2008-08-13 14:29:46     INFO: Committing u'[project @ 37]'...
2008-08-13 14:29:49     INFO: -*-*-*-*-*-*-*-*-*-*-*-*-*-*-*-*-*-*-*-*-*-*-*-*-*-*-*-*-*-*
2008-08-13 14:29:49     INFO: Changeset #23
2008-08-13 14:29:49     INFO: Changeset "38"
2008-08-13 14:29:49     INFO: Log message: Automatic Bamboo Commit **i AXSTK-253
2008-08-13 14:29:49     INFO: /cygdrive/c/dev/stack $ svn update --ignore-externals --revision 38 . 2>&1
2008-08-13 14:29:56     INFO: [Ok]
2008-08-13 14:29:57     INFO: Committing u'[project @ 38]'...
2008-08-13 14:29:58     INFO: -*-*-*-*-*-*-*-*-*-*-*-*-*-*-*-*-*-*-*-*-*-*-*-*-*-*-*-*-*-*
2008-08-13 14:29:58     INFO: Changeset #24
2008-08-13 14:29:58     INFO: Changeset "39"
2008-08-13 14:29:58     INFO: Log message: Automatic Bamboo Commit **i AXSTK-253
2008-08-13 14:29:58     INFO: /cygdrive/c/dev/stack $ svn update --ignore-externals --revision 39 . 2>&1
2008-08-13 14:30:02     INFO: [Ok]
2008-08-13 14:30:02     INFO: Committing u'[project @ 39]'...
2008-08-13 14:30:03     INFO: -*-*-*-*-*-*-*-*-*-*-*-*-*-*-*-*-*-*-*-*-*-*-*-*-*-*-*-*-*-*
2008-08-13 14:30:03     INFO: Changeset #25
2008-08-13 14:30:03     INFO: Changeset "41"
2008-08-13 14:30:03     INFO: Log message: Automatic Bamboo Commit **i AXSTK-253
2008-08-13 14:30:03     INFO: /cygdrive/c/dev/stack $ svn update --ignore-externals --revision 41 . 2>&1
2008-08-13 14:30:11     INFO: [Ok]
2008-08-13 14:30:11     INFO: Committing u'[project @ 41]'...
2008-08-13 14:30:14     INFO: -*-*-*-*-*-*-*-*-*-*-*-*-*-*-*-*-*-*-*-*-*-*-*-*-*-*-*-*-*-*
2008-08-13 14:30:14     INFO: Changeset #26
2008-08-13 14:30:14     INFO: Changeset "42"
2008-08-13 14:30:14     INFO: Log message: **i AXSTK-466

**n tmayfield

Fixed a bug in search.properties which would throw an Exception in a .filter is not specified.
2008-08-13 14:30:14     INFO: /cygdrive/c/dev/stack $ svn update --ignore-externals --revision 42 . 2>&1
2008-08-13 14:30:18     INFO: [Ok]
2008-08-13 14:30:18     INFO: Committing u'[project @ 42]'...
2008-08-13 14:30:18     INFO: -*-*-*-*-*-*-*-*-*-*-*-*-*-*-*-*-*-*-*-*-*-*-*-*-*-*-*-*-*-*
2008-08-13 14:30:18     INFO: Changeset #27
2008-08-13 14:30:18     INFO: Changeset "43"
2008-08-13 14:30:18     INFO: Log message: **i AXSTK-466

**n tmayfield

Fixed a bug in search.properties which would throw an Exception in a .filter is not specified.
2008-08-13 14:30:18     INFO: /cygdrive/c/dev/stack $ svn update --ignore-externals --revision 43 . 2>&1
2008-08-13 14:30:27     INFO: [Ok]
2008-08-13 14:30:27     INFO: Committing u'[project @ 43]'...
2008-08-13 14:30:28     INFO: -*-*-*-*-*-*-*-*-*-*-*-*-*-*-*-*-*-*-*-*-*-*-*-*-*-*-*-*-*-*
2008-08-13 14:30:28     INFO: Changeset #28
2008-08-13 14:30:28     INFO: Changeset "44"
2008-08-13 14:30:28     INFO: Log message: **i AXSTK-464

code commenting
2008-08-13 14:30:28     INFO: /cygdrive/c/dev/stack $ svn update --ignore-externals --revision 44 . 2>&1
2008-08-13 14:30:30     INFO: [Ok]
2008-08-13 14:30:30     INFO: Committing u'[project @ 44]'...
2008-08-13 14:30:31     INFO: -*-*-*-*-*-*-*-*-*-*-*-*-*-*-*-*-*-*-*-*-*-*-*-*-*-*-*-*-*-*
2008-08-13 14:30:31     INFO: Changeset #29
2008-08-13 14:30:31     INFO: Changeset "45"
2008-08-13 14:30:31     INFO: Log message: **i AXSTK-464

code commenting
2008-08-13 14:30:31     INFO: /cygdrive/c/dev/stack $ svn update --ignore-externals --revision 45 . 2>&1
2008-08-13 14:30:34     INFO: [Ok]
2008-08-13 14:30:34     INFO: Committing u'[project @ 45]'...
2008-08-13 14:30:35     INFO: -*-*-*-*-*-*-*-*-*-*-*-*-*-*-*-*-*-*-*-*-*-*-*-*-*-*-*-*-*-*
2008-08-13 14:30:35     INFO: Changeset #30
2008-08-13 14:30:35     INFO: Changeset "46"
2008-08-13 14:30:35     INFO: Log message: **i AXSTK-464

code commenting
2008-08-13 14:30:35     INFO: /cygdrive/c/dev/stack $ svn update --ignore-externals --revision 46 . 2>&1
2008-08-13 14:30:38     INFO: [Ok]
2008-08-13 14:30:38     INFO: Committing u'[project @ 46]'...
2008-08-13 14:30:38     INFO: -*-*-*-*-*-*-*-*-*-*-*-*-*-*-*-*-*-*-*-*-*-*-*-*-*-*-*-*-*-*
2008-08-13 14:30:38     INFO: Changeset #31
2008-08-13 14:30:38     INFO: Changeset "47"
2008-08-13 14:30:38     INFO: Log message: **i AXSTK-464

code commenting
2008-08-13 14:30:38     INFO: /cygdrive/c/dev/stack $ svn update --ignore-externals --revision 47 . 2>&1
2008-08-13 14:30:41     INFO: [Ok]
2008-08-13 14:30:41     INFO: Committing u'[project @ 47]'...
2008-08-13 14:30:42     INFO: -*-*-*-*-*-*-*-*-*-*-*-*-*-*-*-*-*-*-*-*-*-*-*-*-*-*-*-*-*-*
2008-08-13 14:30:42     INFO: Changeset #32
2008-08-13 14:30:42     INFO: Changeset "48"
2008-08-13 14:30:42     INFO: Log message: Expose scope as 'data' to javascript: TAL calls.
**i AXSTK-229

2008-08-13 14:30:42     INFO: /cygdrive/c/dev/stack $ svn update --ignore-externals --revision 48 . 2>&1
2008-08-13 14:30:46     INFO: [Ok]
2008-08-13 14:30:46     INFO: Committing u'[project @ 48]'...
2008-08-13 14:30:47     INFO: -*-*-*-*-*-*-*-*-*-*-*-*-*-*-*-*-*-*-*-*-*-*-*-*-*-*-*-*-*-*
2008-08-13 14:30:47     INFO: Changeset #33
2008-08-13 14:30:47     INFO: Changeset "50"
2008-08-13 14:30:47     INFO: Log message: Automatic Bamboo Commit **i AXSTK-253
2008-08-13 14:30:47     INFO: /cygdrive/c/dev/stack $ svn update --ignore-externals --revision 50 . 2>&1
2008-08-13 14:30:50     INFO: [Ok]
2008-08-13 14:30:50     INFO: Committing u'[project @ 50]'...
2008-08-13 14:30:51     INFO: -*-*-*-*-*-*-*-*-*-*-*-*-*-*-*-*-*-*-*-*-*-*-*-*-*-*-*-*-*-*
2008-08-13 14:30:51     INFO: Changeset #34
2008-08-13 14:30:51     INFO: Changeset "51"
2008-08-13 14:30:51     INFO: Log message: **i AXSTK-478
2008-08-13 14:30:51     INFO: /cygdrive/c/dev/stack $ svn update --ignore-externals --revision 51 . 2>&1
2008-08-13 14:30:54     INFO: [Ok]
2008-08-13 14:30:54     INFO: Committing u'[project @ 51]'...
2008-08-13 14:30:54     INFO: -*-*-*-*-*-*-*-*-*-*-*-*-*-*-*-*-*-*-*-*-*-*-*-*-*-*-*-*-*-*
2008-08-13 14:30:54     INFO: Changeset #35
2008-08-13 14:30:54     INFO: Changeset "52"
2008-08-13 14:30:54     INFO: Log message: **i AXSTK-472

**n tmayfield

_content no longer stored on Image objects.
2008-08-13 14:30:54     INFO: /cygdrive/c/dev/stack $ svn update --ignore-externals --revision 52 . 2>&1
2008-08-13 14:30:56     INFO: [Ok]
2008-08-13 14:30:56     INFO: Committing u'[project @ 52]'...
2008-08-13 14:30:56     INFO: -*-*-*-*-*-*-*-*-*-*-*-*-*-*-*-*-*-*-*-*-*-*-*-*-*-*-*-*-*-*
2008-08-13 14:30:56     INFO: Changeset #36
2008-08-13 14:30:56     INFO: Changeset "53"
2008-08-13 14:30:56     INFO: Log message: Properties Files Examples
2008-08-13 14:30:56     INFO: /cygdrive/c/dev/stack $ svn update --ignore-externals --revision 53 . 2>&1
2008-08-13 14:30:58     INFO: [Ok]
2008-08-13 14:30:58     INFO: Committing u'[project @ 53]'...
2008-08-13 14:30:59     INFO: -*-*-*-*-*-*-*-*-*-*-*-*-*-*-*-*-*-*-*-*-*-*-*-*-*-*-*-*-*-*
2008-08-13 14:30:59     INFO: Changeset #37
2008-08-13 14:30:59     INFO: Changeset "54"
2008-08-13 14:30:59     INFO: Log message: Examples Directory
2008-08-13 14:30:59     INFO: /cygdrive/c/dev/stack $ svn update --ignore-externals --revision 54 . 2>&1
2008-08-13 14:31:01     INFO: [Ok]
2008-08-13 14:31:01     INFO: Committing u'[project @ 54]'...
2008-08-13 14:31:05     INFO: -*-*-*-*-*-*-*-*-*-*-*-*-*-*-*-*-*-*-*-*-*-*-*-*-*-*-*-*-*-*
2008-08-13 14:31:05     INFO: Changeset #38
2008-08-13 14:31:05     INFO: Changeset "55"
2008-08-13 14:31:05     INFO: Log message: **i AXSTK-479
2008-08-13 14:31:05     INFO: /cygdrive/c/dev/stack $ svn update --ignore-externals --revision 55 . 2>&1
2008-08-13 14:31:07     INFO: [Ok]
2008-08-13 14:31:07     INFO: Committing u'[project @ 55]'...
2008-08-13 14:31:10     INFO: -*-*-*-*-*-*-*-*-*-*-*-*-*-*-*-*-*-*-*-*-*-*-*-*-*-*-*-*-*-*
2008-08-13 14:31:10     INFO: Changeset #39
2008-08-13 14:31:10     INFO: Changeset "56"
2008-08-13 14:31:10     INFO: Log message: **i AXSTK-479
2008-08-13 14:31:10     INFO: /cygdrive/c/dev/stack $ svn update --ignore-externals --revision 56 . 2>&1
2008-08-13 14:31:13     INFO: [Ok]
2008-08-13 14:31:13     INFO: Committing u'[project @ 56]'...
2008-08-13 14:31:14     INFO: -*-*-*-*-*-*-*-*-*-*-*-*-*-*-*-*-*-*-*-*-*-*-*-*-*-*-*-*-*-*
2008-08-13 14:31:14     INFO: Changeset #40
2008-08-13 14:31:14     INFO: Changeset "57"
2008-08-13 14:31:14     INFO: Log message: **i AXSTK-480

Remove helma/hop/hobj references
2008-08-13 14:31:14     INFO: /cygdrive/c/dev/stack $ svn update --ignore-externals --revision 57 . 2>&1
2008-08-13 14:31:18     INFO: [Ok]
2008-08-13 14:31:18     INFO: Committing u'[project @ 57]'...
2008-08-13 14:31:19     INFO: -*-*-*-*-*-*-*-*-*-*-*-*-*-*-*-*-*-*-*-*-*-*-*-*-*-*-*-*-*-*
2008-08-13 14:31:19     INFO: Changeset #41
2008-08-13 14:31:19     INFO: Changeset "58"
2008-08-13 14:31:19     INFO: Log message: **i AXSTK-480

Remove helma/hop/hobj references
2008-08-13 14:31:19     INFO: /cygdrive/c/dev/stack $ svn update --ignore-externals --revision 58 . 2>&1
2008-08-13 14:31:21     INFO: [Ok]
2008-08-13 14:31:21     INFO: Committing u'[project @ 58]'...
2008-08-13 14:31:21     INFO: -*-*-*-*-*-*-*-*-*-*-*-*-*-*-*-*-*-*-*-*-*-*-*-*-*-*-*-*-*-*
2008-08-13 14:31:21     INFO: Changeset #42
2008-08-13 14:31:21     INFO: Changeset "59"
2008-08-13 14:31:21     INFO: Log message: **i AXSTK-479
2008-08-13 14:31:21     INFO: /cygdrive/c/dev/stack $ svn update --ignore-externals --revision 59 . 2>&1
2008-08-13 14:31:24     INFO: [Ok]
2008-08-13 14:31:24     INFO: Committing u'[project @ 59]'...
2008-08-13 14:31:26     INFO: -*-*-*-*-*-*-*-*-*-*-*-*-*-*-*-*-*-*-*-*-*-*-*-*-*-*-*-*-*-*
2008-08-13 14:31:26     INFO: Changeset #43
2008-08-13 14:31:26     INFO: Changeset "60"
2008-08-13 14:31:26     INFO: Log message: Fixed @jsfunction for non instance Classes
2008-08-13 14:31:26     INFO: /cygdrive/c/dev/stack $ svn update --ignore-externals --revision 60 . 2>&1
2008-08-13 14:31:30     INFO: [Ok]
2008-08-13 14:31:30     INFO: Committing u'[project @ 60]'...
2008-08-13 14:31:31     INFO: -*-*-*-*-*-*-*-*-*-*-*-*-*-*-*-*-*-*-*-*-*-*-*-*-*-*-*-*-*-*
2008-08-13 14:31:31     INFO: Changeset #44
2008-08-13 14:31:31     INFO: Changeset "61"
2008-08-13 14:31:31     INFO: Log message: **i AXSTK-476

Fixed a bug where layered object documents appear as deleted on restart when in reality they arent deleted.
2008-08-13 14:31:31     INFO: /cygdrive/c/dev/stack $ svn update --ignore-externals --revision 61 . 2>&1
2008-08-13 14:31:34     INFO: [Ok]
2008-08-13 14:31:34     INFO: Committing u'[project @ 61]'...
2008-08-13 14:31:35     INFO: -*-*-*-*-*-*-*-*-*-*-*-*-*-*-*-*-*-*-*-*-*-*-*-*-*-*-*-*-*-*
2008-08-13 14:31:35     INFO: Changeset #45
2008-08-13 14:31:35     INFO: Changeset "62"
2008-08-13 14:31:35     INFO: Log message: **i AXSTK-473

**n tmayfield

searching for private (underscore) properties is untokenized now, so exact matches work.
2008-08-13 14:31:35     INFO: /cygdrive/c/dev/stack $ svn update --ignore-externals --revision 62 . 2>&1
2008-08-13 14:31:37     INFO: [Ok]
2008-08-13 14:31:37     INFO: Committing u'[project @ 62]'...
2008-08-13 14:31:38     INFO: -*-*-*-*-*-*-*-*-*-*-*-*-*-*-*-*-*-*-*-*-*-*-*-*-*-*-*-*-*-*
2008-08-13 14:31:38     INFO: Changeset #46
2008-08-13 14:31:38     INFO: Changeset "63"
2008-08-13 14:31:38     INFO: Log message: JsDoc for DatabaseObject
2008-08-13 14:31:38     INFO: /cygdrive/c/dev/stack $ svn update --ignore-externals --revision 63 . 2>&1
2008-08-13 14:31:40     INFO: [Ok]
2008-08-13 14:31:40     INFO: Committing u'[project @ 63]'...
2008-08-13 14:31:40     INFO: -*-*-*-*-*-*-*-*-*-*-*-*-*-*-*-*-*-*-*-*-*-*-*-*-*-*-*-*-*-*
2008-08-13 14:31:40     INFO: Changeset #47
2008-08-13 14:31:40     INFO: Changeset "64"
2008-08-13 14:31:40     INFO: Log message: **i AXSTK-464

code commenting
2008-08-13 14:31:40     INFO: /cygdrive/c/dev/stack $ svn update --ignore-externals --revision 64 . 2>&1
2008-08-13 14:31:43     INFO: [Ok]
2008-08-13 14:31:43     INFO: Committing u'[project @ 64]'...
2008-08-13 14:31:43     INFO: -*-*-*-*-*-*-*-*-*-*-*-*-*-*-*-*-*-*-*-*-*-*-*-*-*-*-*-*-*-*
2008-08-13 14:31:43     INFO: Changeset #48
2008-08-13 14:31:43     INFO: Changeset "65"
2008-08-13 14:31:43     INFO: Log message: Documentation Updates
2008-08-13 14:31:43     INFO: /cygdrive/c/dev/stack $ svn update --ignore-externals --revision 65 . 2>&1
2008-08-13 14:31:46     INFO: [Ok]
2008-08-13 14:31:46     INFO: Committing u'[project @ 65]'...
2008-08-13 14:31:49     INFO: -*-*-*-*-*-*-*-*-*-*-*-*-*-*-*-*-*-*-*-*-*-*-*-*-*-*-*-*-*-*
2008-08-13 14:31:49     INFO: Changeset #49
2008-08-13 14:31:49     INFO: Changeset "66"
2008-08-13 14:31:49     INFO: Log message: **i AXSTK-482

Fixed a bug where the NativeFilter was not honoring the analyzer specified.
2008-08-13 14:31:49     INFO: /cygdrive/c/dev/stack $ svn update --ignore-externals --revision 66 . 2>&1
2008-08-13 14:31:52     INFO: [Ok]
2008-08-13 14:31:52     INFO: Committing u'[project @ 66]'...
2008-08-13 14:31:54     INFO: -*-*-*-*-*-*-*-*-*-*-*-*-*-*-*-*-*-*-*-*-*-*-*-*-*-*-*-*-*-*
2008-08-13 14:31:54     INFO: Changeset #50
2008-08-13 14:31:54     INFO: Changeset "67"
2008-08-13 14:31:54     INFO: Log message: **i AXSTK-464

code commenting
2008-08-13 14:31:54     INFO: /cygdrive/c/dev/stack $ svn update --ignore-externals --revision 67 . 2>&1
2008-08-13 14:31:56     INFO: [Ok]
2008-08-13 14:31:56     INFO: Committing u'[project @ 67]'...
2008-08-13 14:31:58     INFO: -*-*-*-*-*-*-*-*-*-*-*-*-*-*-*-*-*-*-*-*-*-*-*-*-*-*-*-*-*-*
2008-08-13 14:31:58     INFO: Changeset #51
2008-08-13 14:31:58     INFO: Changeset "68"
2008-08-13 14:31:58     INFO: Log message: **i AXSTK-464

code commenting
2008-08-13 14:31:58     INFO: /cygdrive/c/dev/stack $ svn update --ignore-externals --revision 68 . 2>&1
2008-08-13 14:32:01     INFO: [Ok]
2008-08-13 14:32:01     INFO: Committing u'[project @ 68]'...
2008-08-13 14:32:03     INFO: -*-*-*-*-*-*-*-*-*-*-*-*-*-*-*-*-*-*-*-*-*-*-*-*-*-*-*-*-*-*
2008-08-13 14:32:03     INFO: Changeset #52
2008-08-13 14:32:03     INFO: Changeset "69"
2008-08-13 14:32:03     INFO: Log message: **i AXSTK-464

code commenting
2008-08-13 14:32:03     INFO: /cygdrive/c/dev/stack $ svn update --ignore-externals --revision 69 . 2>&1
2008-08-13 14:32:07     INFO: [Ok]
2008-08-13 14:32:07     INFO: Committing u'[project @ 69]'...
2008-08-13 14:32:08     INFO: -*-*-*-*-*-*-*-*-*-*-*-*-*-*-*-*-*-*-*-*-*-*-*-*-*-*-*-*-*-*
2008-08-13 14:32:08     INFO: Changeset #53
2008-08-13 14:32:08     INFO: Changeset "70"
2008-08-13 14:32:08     INFO: Log message: **i AXSTK-464

code commenting
2008-08-13 14:32:08     INFO: /cygdrive/c/dev/stack $ svn update --ignore-externals --revision 70 . 2>&1
2008-08-13 14:32:11     INFO: [Ok]
2008-08-13 14:32:11     INFO: Committing u'[project @ 70]'...
2008-08-13 14:32:13     INFO: -*-*-*-*-*-*-*-*-*-*-*-*-*-*-*-*-*-*-*-*-*-*-*-*-*-*-*-*-*-*
2008-08-13 14:32:13     INFO: Changeset #54
2008-08-13 14:32:13     INFO: Changeset "71"
2008-08-13 14:32:13     INFO: Log message: Updated Documentation
2008-08-13 14:32:13     INFO: /cygdrive/c/dev/stack $ svn update --ignore-externals --revision 71 . 2>&1
2008-08-13 14:32:17     INFO: [Ok]
2008-08-13 14:32:17     INFO: Committing u'[project @ 71]'...
2008-08-13 14:32:19     INFO: -*-*-*-*-*-*-*-*-*-*-*-*-*-*-*-*-*-*-*-*-*-*-*-*-*-*-*-*-*-*
2008-08-13 14:32:19     INFO: Changeset #55
2008-08-13 14:32:19     INFO: Changeset "72"
2008-08-13 14:32:19     INFO: /cygdrive/c/dev/stack $ svn update --ignore-externals --revision 72 . 2>&1
2008-08-13 14:32:22     INFO: [Ok]
2008-08-13 14:32:22     INFO: Committing u'[project @ 72]'...
2008-08-13 14:32:23     INFO: -*-*-*-*-*-*-*-*-*-*-*-*-*-*-*-*-*-*-*-*-*-*-*-*-*-*-*-*-*-*
2008-08-13 14:32:23     INFO: Changeset #56
2008-08-13 14:32:23     INFO: Changeset "73"
2008-08-13 14:32:23     INFO: /cygdrive/c/dev/stack $ svn update --ignore-externals --revision 73 . 2>&1
2008-08-13 14:32:26     INFO: [Ok]
2008-08-13 14:32:26     INFO: Removing utils/jsdoc-toolkit/templates/jsdoc/allclasses.tmpl...
2008-08-13 14:32:27     INFO: Committing u'[project @ 73]'...
2008-08-13 14:32:28     INFO: -*-*-*-*-*-*-*-*-*-*-*-*-*-*-*-*-*-*-*-*-*-*-*-*-*-*-*-*-*-*
2008-08-13 14:32:28     INFO: Changeset #57
2008-08-13 14:32:28     INFO: Changeset "74"
2008-08-13 14:32:28     INFO: Log message: **i AXSTK-464

code commenting
2008-08-13 14:32:28     INFO: /cygdrive/c/dev/stack $ svn update --ignore-externals --revision 74 . 2>&1
2008-08-13 14:32:31     INFO: [Ok]
2008-08-13 14:32:31     INFO: Removing src/java/axiom/scripting/rhino/extensions/FileObject.java...
2008-08-13 14:32:31     INFO: Committing u'[project @ 74]'...
2008-08-13 14:32:32     INFO: -*-*-*-*-*-*-*-*-*-*-*-*-*-*-*-*-*-*-*-*-*-*-*-*-*-*-*-*-*-*
2008-08-13 14:32:32     INFO: Changeset #58
2008-08-13 14:32:32     INFO: Changeset "75"
2008-08-13 14:32:32     INFO: Log message: Documentation Updates
2008-08-13 14:32:32     INFO: /cygdrive/c/dev/stack $ svn update --ignore-externals --revision 75 . 2>&1
2008-08-13 14:32:36     INFO: [Ok]
2008-08-13 14:32:36     INFO: Committing u'[project @ 75]'...
2008-08-13 14:32:37     INFO: -*-*-*-*-*-*-*-*-*-*-*-*-*-*-*-*-*-*-*-*-*-*-*-*-*-*-*-*-*-*
2008-08-13 14:32:37     INFO: Changeset #59
2008-08-13 14:32:37     INFO: Changeset "76"
2008-08-13 14:32:37     INFO: Log message: Documentation Updates
2008-08-13 14:32:37     INFO: /cygdrive/c/dev/stack $ svn update --ignore-externals --revision 76 . 2>&1
2008-08-13 14:32:41     INFO: [Ok]
2008-08-13 14:32:41     INFO: Committing u'[project @ 76]'...
2008-08-13 14:32:43     INFO: -*-*-*-*-*-*-*-*-*-*-*-*-*-*-*-*-*-*-*-*-*-*-*-*-*-*-*-*-*-*
2008-08-13 14:32:43     INFO: Changeset #60
2008-08-13 14:32:43     INFO: Changeset "77"
2008-08-13 14:32:43     INFO: Log message: **i AXSTK-464

code commenting
2008-08-13 14:32:43     INFO: /cygdrive/c/dev/stack $ svn update --ignore-externals --revision 77 . 2>&1
2008-08-13 14:32:48     INFO: [Ok]
2008-08-13 14:32:48     INFO: Committing u'[project @ 77]'...
2008-08-13 14:32:49     INFO: -*-*-*-*-*-*-*-*-*-*-*-*-*-*-*-*-*-*-*-*-*-*-*-*-*-*-*-*-*-*
2008-08-13 14:32:49     INFO: Changeset #61
2008-08-13 14:32:49     INFO: Changeset "78"
2008-08-13 14:32:49     INFO: Log message: **i AXSTK-464

code commenting
2008-08-13 14:32:49     INFO: /cygdrive/c/dev/stack $ svn update --ignore-externals --revision 78 . 2>&1
2008-08-13 14:32:51     INFO: [Ok]
2008-08-13 14:32:51     INFO: Committing u'[project @ 78]'...
2008-08-13 14:32:53     INFO: -*-*-*-*-*-*-*-*-*-*-*-*-*-*-*-*-*-*-*-*-*-*-*-*-*-*-*-*-*-*
2008-08-13 14:32:53     INFO: Changeset #62
2008-08-13 14:32:53     INFO: Changeset "79"
2008-08-13 14:32:53     INFO: Log message: Documentation
2008-08-13 14:32:53     INFO: /cygdrive/c/dev/stack $ svn update --ignore-externals --revision 79 . 2>&1
2008-08-13 14:32:56     INFO: [Ok]
2008-08-13 14:32:56     INFO: Committing u'[project @ 79]'...
2008-08-13 14:32:56     INFO: -*-*-*-*-*-*-*-*-*-*-*-*-*-*-*-*-*-*-*-*-*-*-*-*-*-*-*-*-*-*
2008-08-13 14:32:56     INFO: Changeset #63
2008-08-13 14:32:56     INFO: Changeset "80"
2008-08-13 14:32:56     INFO: Log message: Documentation template changes
2008-08-13 14:32:56     INFO: /cygdrive/c/dev/stack $ svn update --ignore-externals --revision 80 . 2>&1
2008-08-13 14:33:00     INFO: [Ok]
2008-08-13 14:33:00     INFO: Committing u'[project @ 80]'...
2008-08-13 14:33:02     INFO: -*-*-*-*-*-*-*-*-*-*-*-*-*-*-*-*-*-*-*-*-*-*-*-*-*-*-*-*-*-*
2008-08-13 14:33:02     INFO: Changeset #64
2008-08-13 14:33:02     INFO: Changeset "81"
2008-08-13 14:33:02     INFO: Log message: **i AXSTK-464

code commenting
2008-08-13 14:33:02     INFO: /cygdrive/c/dev/stack $ svn update --ignore-externals --revision 81 . 2>&1
2008-08-13 14:33:06     INFO: [Ok]
2008-08-13 14:33:06     INFO: Committing u'[project @ 81]'...
2008-08-13 14:33:08     INFO: -*-*-*-*-*-*-*-*-*-*-*-*-*-*-*-*-*-*-*-*-*-*-*-*-*-*-*-*-*-*
2008-08-13 14:33:08     INFO: Changeset #65
2008-08-13 14:33:08     INFO: Changeset "82"
2008-08-13 14:33:08     INFO: Log message: **i AXSTK-464

code commenting
2008-08-13 14:33:08     INFO: /cygdrive/c/dev/stack $ svn update --ignore-externals --revision 82 . 2>&1
2008-08-13 14:33:12     INFO: [Ok]
2008-08-13 14:33:12     INFO: Committing u'[project @ 82]'...
2008-08-13 14:33:13     INFO: -*-*-*-*-*-*-*-*-*-*-*-*-*-*-*-*-*-*-*-*-*-*-*-*-*-*-*-*-*-*
2008-08-13 14:33:13     INFO: Changeset #66
2008-08-13 14:33:13     INFO: Changeset "83"
2008-08-13 14:33:13     INFO: Log message: Massive Documentation update
2008-08-13 14:33:13     INFO: /cygdrive/c/dev/stack $ svn update --ignore-externals --revision 83 . 2>&1
2008-08-13 14:33:15     INFO: [Ok]
2008-08-13 14:33:15     INFO: Committing u'[project @ 83]'...
2008-08-13 14:33:17     INFO: -*-*-*-*-*-*-*-*-*-*-*-*-*-*-*-*-*-*-*-*-*-*-*-*-*-*-*-*-*-*
2008-08-13 14:33:17     INFO: Changeset #67
2008-08-13 14:33:17     INFO: Changeset "84"
2008-08-13 14:33:17     INFO: Log message: Massive Documentation Update
2008-08-13 14:33:17     INFO: /cygdrive/c/dev/stack $ svn update --ignore-externals --revision 84 . 2>&1
2008-08-13 14:33:19     INFO: [Ok]
2008-08-13 14:33:19     INFO: Committing u'[project @ 84]'...
2008-08-13 14:33:20     INFO: -*-*-*-*-*-*-*-*-*-*-*-*-*-*-*-*-*-*-*-*-*-*-*-*-*-*-*-*-*-*
2008-08-13 14:33:20     INFO: Changeset #68
2008-08-13 14:33:20     INFO: Changeset "85"
2008-08-13 14:33:20     INFO: Log message: Documentation Changes
2008-08-13 14:33:20     INFO: /cygdrive/c/dev/stack $ svn update --ignore-externals --revision 85 . 2>&1
2008-08-13 14:33:30     INFO: [Ok]
2008-08-13 14:33:30     INFO: Removing utils/jsdoc-toolkit/out...
2008-08-13 14:33:31     INFO: Committing u'[project @ 85]'...
2008-08-13 14:33:31 CRITICAL: Couldn't replay changeset: An inconsistent delta was supplied involving 'utils/jsdoc-toolkit/out/jsdoc/symbols/src/src_js_Global_tal.js.html', 'src_js_global_tal.js-20080813182512-fhpm8n32ris6vw8g-2579'
reason: This was marked as a real delete, but the WT state claims that it still exists and is versioned.
2008-08-13 14:33:32     INFO: 8 pending changesets in state file
2008-08-13 14:33:32 CRITICAL: Upstream change application failed
2008-08-13 14:33:32 CRITICAL: Something unexpected!
Traceback (most recent call last):
  File "/cygdrive/c/dev/tailor-0.9.35/vcpx/tailor.py", line 154, in __call__
    self.update()
  File "/cygdrive/c/dev/tailor-0.9.35/vcpx/tailor.py", line 118, in update
    applyable=self._applyable, applied=self._applied)
  File "/cygdrive/c/dev/tailor-0.9.35/vcpx/dualwd.py", line 102, in applyPendingChangesets
    applied=applied)
  File "/cygdrive/c/dev/tailor-0.9.35/vcpx/source.py", line 137, in applyPendingChangesets
    replay(c)
  File "/cygdrive/c/dev/tailor-0.9.35/vcpx/dualwd.py", line 113, in replayChangeset
    self.target.replayChangeset(changeset)
  File "/cygdrive/c/dev/tailor-0.9.35/vcpx/target.py", line 143, in replayChangeset
    entries, tags = changeset.tags)
  File "/cygdrive/c/dev/tailor-0.9.35/vcpx/repository/bzr.py", line 392, in _commit
    timestamp=timestamp, timezone=timezone)
  File "<string>", line 4, in commit_write_locked
  File "workingtree_4.py", line 246, in commit
  File "<string>", line 4, in commit_write_locked
  File "mutabletree.py", line 190, in commit
  File "commit.py", line 401, in commit
  File "workingtree_4.py", line 1244, in update_basis_by_delta
  File "dirstate.py", line 1333, in update_basis_by_delta
  File "dirstate.py", line 1436, in _update_basis_apply_deletes
InconsistentDelta: An inconsistent delta was supplied involving 'utils/jsdoc-toolkit/out/jsdoc/symbols/src/src_js_Global_tal.js.html', 'src_js_global_tal.js-20080813182512-fhpm8n32ris6vw8g-2579'
reason: This was marked as a real delete, but the WT state claims that it still exists and is versioned.
